<?xml version="1.0" encoding="UTF-8"?>
<!-- Generated by org.testng.reporters.JUnitReportReporter -->
<testsuite skipped="0" hostname="DESKTOP-6SPG18E" name="scripts.ValiedLoginTest" tests="1" failures="0" timestamp="06 Apr 2018 06:13:25 GMT" time="5.214" errors="0">
  <testcase name="Test1" time="5.214" classname="scripts.ValiedLoginTest"/>
</testsuite> <!-- scripts.ValiedLoginTest -->
