<?xml version="1.0" encoding="UTF-8"?>
<!-- Generated by org.testng.reporters.JUnitReportReporter -->
<testsuite skipped="0" hostname="DESKTOP-6SPG18E" name="scripts.InvaliedLoginTest" tests="1" failures="0" timestamp="06 Apr 2018 07:20:13 GMT" time="2.407" errors="0">
  <testcase name="invaliedLogin" time="2.407" classname="scripts.InvaliedLoginTest"/>
</testsuite> <!-- scripts.InvaliedLoginTest -->
