<?xml version="1.0" encoding="UTF-8"?>
<!-- Generated by org.testng.reporters.JUnitReportReporter -->
<testsuite skipped="0" hostname="DESKTOP-6SPG18E" name="scripts.SampleTest" tests="1" failures="0" timestamp="11 Apr 2018 06:03:30 GMT" time="2.616" errors="0">
  <testcase name="f" time="2.616" classname="scripts.SampleTest"/>
</testsuite> <!-- scripts.SampleTest -->
